C:\Program Files (x86)\Microsoft Visual Studio\2019\Community\MSBuild\Microsoft\VC\v160\Microsoft.CppBuild.targets(513,5): warning MSB8028: The intermediate directory (x64\Release\) contains files shared from another project (dlldiscovery.vcxproj).  This can lead to incorrect clean and rebuild behavior.
  flagtowcs.cpp
  main.cpp
C:\Users\Jakita Wagner\OneDrive - Telefonica\DLLHAutoDiscovery\dlldiscovery\main.cpp(26,53): warning C4474: 'printf' : too many arguments passed for format string
C:\Users\Jakita Wagner\OneDrive - Telefonica\DLLHAutoDiscovery\dlldiscovery\main.cpp(26,53): message : placeholders and their parameters expect 1 variadic arguments, but 2 were provided
C:\Users\Jakita Wagner\OneDrive - Telefonica\DLLHAutoDiscovery\dlldiscovery\main.cpp(22,31): warning C4101: 'VerboseBuff': unreferenced local variable
  getknowndlls.cpp
  ansitowide.cpp
  printbanner.cpp
  isknowndll.cpp
  getnotfound.cpp
  recursivesearch.cpp
  printverbose.cpp
  getimplicitdlls.cpp
  argparser.cpp
  printhelp.cpp
  genreport.cpp
  getmanifest.cpp
  getexplicitdlls.cpp
  hijackingtest.cpp
  isapiset.cpp
  loadintomemory.cpp
  printerror.cpp
  getarchitecture.cpp
  Compiling...
  initstructures.cpp
  Generating code
  Previous IPDB not found, fall back to full compilation.
  All 41 functions were compiled because no usable IPDB/IOBJ from previous compilation was found.
  Finished generating code
  dlldiscovery.vcxproj -> C:\Users\Jakita Wagner\OneDrive - Telefonica\DLLHAutoDiscovery\x64\Release\aDLL.exe
