  flagtowcs.cpp
  main.cpp
C:\Users\Jakita Wagner\OneDrive - Telefonica\DLLHAutoDiscovery\dlldiscovery\main.cpp(26,53): warning C4474: 'printf' : too many arguments passed for format string
C:\Users\Jakita Wagner\OneDrive - Telefonica\DLLHAutoDiscovery\dlldiscovery\main.cpp(26,53): message : placeholders and their parameters expect 1 variadic arguments, but 2 were provided
C:\Users\Jakita Wagner\OneDrive - Telefonica\DLLHAutoDiscovery\dlldiscovery\main.cpp(22,31): warning C4101: 'VerboseBuff': unreferenced local variable
  getknowndlls.cpp
  ansitowide.cpp
  printbanner.cpp
  isknowndll.cpp
  getnotfound.cpp
  recursivesearch.cpp
  printverbose.cpp
  getimplicitdlls.cpp
  argparser.cpp
  printhelp.cpp
  genreport.cpp
  getmanifest.cpp
  getexplicitdlls.cpp
  hijackingtest.cpp
  isapiset.cpp
  loadintomemory.cpp
  printerror.cpp
  getarchitecture.cpp
  Compiling...
  initstructures.cpp
  Generating code
  40 of 41 functions (97.6%) were compiled, the rest were copied from previous compilation.
    17 functions were new in current compilation
    0 functions had inline decision re-evaluated but remain unchanged
  Finished generating code
  dlldiscovery.vcxproj -> C:\Users\Jakita Wagner\OneDrive - Telefonica\DLLHAutoDiscovery\x64\Release\dlldiscovery.exe
