c:\users\jakita wagner\onedrive - telefonica\dllhautodiscovery\dlldiscovery\debug\vc142.pdb
c:\users\jakita wagner\onedrive - telefonica\dllhautodiscovery\dlldiscovery\debug\vc142.idb
c:\users\jakita wagner\onedrive - telefonica\dllhautodiscovery\dlldiscovery\debug\printbanner.obj
c:\users\jakita wagner\onedrive - telefonica\dllhautodiscovery\dlldiscovery\debug\initstructures.obj
c:\users\jakita wagner\onedrive - telefonica\dllhautodiscovery\dlldiscovery\debug\getnotfound.obj
c:\users\jakita wagner\onedrive - telefonica\dllhautodiscovery\dlldiscovery\debug\getknowndlls.obj
c:\users\jakita wagner\onedrive - telefonica\dllhautodiscovery\dlldiscovery\debug\getexplicitdlls.obj
c:\users\jakita wagner\onedrive - telefonica\dllhautodiscovery\dlldiscovery\debug\printhelp.obj
c:\users\jakita wagner\onedrive - telefonica\dllhautodiscovery\dlldiscovery\debug\main.obj
c:\users\jakita wagner\onedrive - telefonica\dllhautodiscovery\dlldiscovery\debug\testinformer.obj
c:\users\jakita wagner\onedrive - telefonica\dllhautodiscovery\dlldiscovery\debug\recursivesearch.obj
c:\users\jakita wagner\onedrive - telefonica\dllhautodiscovery\dlldiscovery\debug\printverbose.obj
c:\users\jakita wagner\onedrive - telefonica\dllhautodiscovery\dlldiscovery\debug\printerror.obj
c:\users\jakita wagner\onedrive - telefonica\dllhautodiscovery\dlldiscovery\debug\loadintomemory.obj
c:\users\jakita wagner\onedrive - telefonica\dllhautodiscovery\dlldiscovery\debug\isknowndll.obj
c:\users\jakita wagner\onedrive - telefonica\dllhautodiscovery\dlldiscovery\debug\getmanifest.obj
c:\users\jakita wagner\onedrive - telefonica\dllhautodiscovery\dlldiscovery\debug\getimplicitdlls.obj
c:\users\jakita wagner\onedrive - telefonica\dllhautodiscovery\dlldiscovery\debug\getarchitecture.obj
c:\users\jakita wagner\onedrive - telefonica\dllhautodiscovery\dlldiscovery\debug\genreport.obj
c:\users\jakita wagner\onedrive - telefonica\dllhautodiscovery\dlldiscovery\debug\flagtowcs.obj
c:\users\jakita wagner\onedrive - telefonica\dllhautodiscovery\dlldiscovery\debug\argparser.obj
c:\users\jakita wagner\onedrive - telefonica\dllhautodiscovery\dlldiscovery\debug\ansitowide.obj
c:\users\jakita wagner\onedrive - telefonica\dllhautodiscovery\dlldiscovery\debug\hijackingtest.obj
c:\users\jakita wagner\onedrive - telefonica\dllhautodiscovery\debug\dlldiscovery.exe
c:\users\jakita wagner\onedrive - telefonica\dllhautodiscovery\dlldiscovery\debug\dlldiscovery.ilk
c:\users\jakita wagner\onedrive - telefonica\dllhautodiscovery\debug\dlldiscovery.pdb
c:\users\jakita wagner\onedrive - telefonica\dllhautodiscovery\dlldiscovery\debug\explicitdlls.obj
c:\users\jakita wagner\onedrive - telefonica\dllhautodiscovery\dlldiscovery\debug\gennpipe.obj
c:\users\jakita wagner\onedrive - telefonica\dllhautodiscovery\dlldiscovery\debug\implicitdlls.obj
c:\users\jakita wagner\onedrive - telefonica\dllhautodiscovery\dlldiscovery\debug\initschdpaths.obj
c:\users\jakita wagner\onedrive - telefonica\dllhautodiscovery\dlldiscovery\debug\injector.obj
c:\users\jakita wagner\onedrive - telefonica\dllhautodiscovery\dlldiscovery\debug\knowndlls.obj
c:\users\jakita wagner\onedrive - telefonica\dllhautodiscovery\dlldiscovery\debug\loadlibraryexflags.obj
c:\users\jakita wagner\onedrive - telefonica\dllhautodiscovery\dlldiscovery\debug\dlldiscovery.tlog\cl.command.1.tlog
c:\users\jakita wagner\onedrive - telefonica\dllhautodiscovery\dlldiscovery\debug\dlldiscovery.tlog\cl.read.1.tlog
c:\users\jakita wagner\onedrive - telefonica\dllhautodiscovery\dlldiscovery\debug\dlldiscovery.tlog\cl.write.1.tlog
c:\users\jakita wagner\onedrive - telefonica\dllhautodiscovery\dlldiscovery\debug\dlldiscovery.tlog\link.command.1.tlog
c:\users\jakita wagner\onedrive - telefonica\dllhautodiscovery\dlldiscovery\debug\dlldiscovery.tlog\link.read.1.tlog
c:\users\jakita wagner\onedrive - telefonica\dllhautodiscovery\dlldiscovery\debug\dlldiscovery.tlog\link.write.1.tlog
