  flagtowcs.cpp
  main.cpp
C:\Users\Jakita Wagner\OneDrive - Telefonica\DLLHAutoDiscovery\dlldiscovery\main.cpp(25,17): warning C4101: 'bCheck': unreferenced local variable
C:\Users\Jakita Wagner\OneDrive - Telefonica\DLLHAutoDiscovery\dlldiscovery\main.cpp(23,31): warning C4101: 'RecursiveBuff': unreferenced local variable
  getknowndlls.cpp
  ansitowide.cpp
  printbanner.cpp
  isknowndll.cpp
  getnotfound.cpp
  recursivesearch.cpp
  printverbose.cpp
  getimplicitdlls.cpp
  argparser.cpp
  printhelp.cpp
  genreport.cpp
  getmanifest.cpp
  getexplicitdlls.cpp
  testinformer.cpp
  loadintomemory.cpp
  printerror.cpp
  getarchitecture.cpp
  initstructures.cpp
  Generating Code...
  LINK : C:\Users\Jakita Wagner\OneDrive - Telefonica\DLLHAutoDiscovery\Debug\dlldiscovery.exe not found or not built by the last incremental link; performing full link
getnotfound.obj : error LNK2019: unresolved external symbol __imp__PathFileExistsW@4 referenced in function "void __cdecl GetNotFound(struct DLLINFO *,struct SCHPATHS,int,wchar_t *)" (?GetNotFound@@YAXPAUDLLINFO@@USCHPATHS@@HPA_W@Z)
argparser.obj : error LNK2001: unresolved external symbol __imp__PathFileExistsW@4
genreport.obj : error LNK2001: unresolved external symbol __imp__PathFileExistsW@4
testinformer.obj : error LNK2001: unresolved external symbol __imp__PathFileExistsW@4
initstructures.obj : error LNK2019: unresolved external symbol __imp__PathIsDirectoryW@4 referenced in function "void __cdecl InitSchPaths(struct SCHPATHS *,wchar_t const *)" (?InitSchPaths@@YAXPAUSCHPATHS@@PB_W@Z)
C:\Users\Jakita Wagner\OneDrive - Telefonica\DLLHAutoDiscovery\Debug\dlldiscovery.exe : fatal error LNK1120: 2 unresolved externals
